<?xml version="1.0" encoding="UTF-8"?>
<robot generator="Robot 7.2.2 (Python 3.13.3 on win32)" generated="2025-06-17T10:55:49.798774" rpa="false" schemaversion="5">
<suite id="s1" name="Tests" source="C:\Users\Akaue\Documents\Testing_Robot\tests">
<suite id="s1-s1" name="Login Test" source="C:\Users\Akaue\Documents\Testing_Robot\tests\login_test.robot">
<test id="s1-s1-t1" name="Login sem sucesso" line="16">
<kw name="Abrir A Página De Login" owner="keywords_a">
<kw name="New Browser" owner="Browser">
<msg time="2025-06-17T10:55:50.019393" level="INFO">{"browser": "chromium", "headless": false, "chromiumSandbox": false, "devtools": false, "handleSIGHUP": true, "handleSIGINT": true, "handleSIGTERM": true, "slowMo": 0.0, "timeout": 30000.0, "tracesDir": "C:\\Users\\Akaue\\Documents\\Testing_Robot\\browser\\traces\\temp\\8138fd83-6f6b-46ca-9b83-34e123fcc3dd"}</msg>
<msg time="2025-06-17T10:55:50.044386" level="INFO">Starting Browser process C:\Users\Akaue\AppData\Roaming\Python\Python313\site-packages\Browser\wrapper\index.js using at 127.0.0.1:54751</msg>
<msg time="2025-06-17T10:55:51.458080" level="INFO">Successfully created browser with options: {"browser":"chromium","headless":false,"chromiumSandbox":false,"devtools":false,"handleSIGHUP":true,"handleSIGINT":true,"handleSIGTERM":true,"slowMo":0,"timeout":30000,"tracesDir":"C:\\Users\\Akaue\\Documents\\Testing_Robot\\browser\\traces\\temp\\8138fd83-6f6b-46ca-9b83-34e123fcc3dd"}</msg>
<arg>headless=False</arg>
<tag>BrowserControl</tag>
<tag>Setter</tag>
<doc>Create a new playwright Browser with specified options.</doc>
<status status="PASS" start="2025-06-17T10:55:50.018427" elapsed="1.439846"/>
</kw>
<kw name="New Context" owner="Browser">
<msg time="2025-06-17T10:55:51.460041" level="INFO">{
  "acceptDownloads": true,
  "bypassCSP": false,
  "forcedColors": "none",
  "ignoreHTTPSErrors": false,
  "javaScriptEnabled": true,
  "offline": false,
  "reducedMotion": "no-preference",
  "serviceWorkers": "allow",
  "viewport": {
    "height": 720,
    "width": 1280
  }
}</msg>
<msg time="2025-06-17T10:55:51.504987" level="INFO">Successfully created context. </msg>
<msg time="2025-06-17T10:55:51.505078" level="INFO">{'acceptDownloads': True, 'bypassCSP': False, 'forcedColors': 'none', 'ignoreHTTPSErrors': False, 'javaScriptEnabled': True, 'offline': False, 'reducedMotion': 'no-preference', 'serviceWorkers': 'allow', 'viewport': {'height': 720, 'width': 1280}}</msg>
<tag>BrowserControl</tag>
<tag>Setter</tag>
<doc>Create a new BrowserContext with specified options.</doc>
<status status="PASS" start="2025-06-17T10:55:51.458511" elapsed="0.046665"/>
</kw>
<kw name="New Page" owner="Browser">
<msg time="2025-06-17T10:55:59.198679" level="INFO">Successfully initialized new page object and opened url: https://practice.automationtesting.in/</msg>
<arg>${URL}</arg>
<tag>BrowserControl</tag>
<tag>Setter</tag>
<doc>Open a new Page.</doc>
<status status="PASS" start="2025-06-17T10:55:51.505389" elapsed="7.693504"/>
</kw>
<kw name="Click" owner="Browser">
<msg time="2025-06-17T10:55:59.199733" level="INFO">Clicks the element 'id=menu-item-50'.</msg>
<arg>id=menu-item-50</arg>
<tag>PageContent</tag>
<tag>Setter</tag>
<doc>Simulates mouse click on the element found by ``selector``.</doc>
<status status="PASS" start="2025-06-17T10:55:59.199096" elapsed="0.750489"/>
</kw>
<status status="PASS" start="2025-06-17T10:55:50.017571" elapsed="9.932171"/>
</kw>
<kw name="Preencher Usuário E Senha" owner="keywords_a">
<kw name="Fill Text" owner="Browser">
<msg time="2025-06-17T10:55:59.972701" level="INFO">Fills the text 'asdwrojg' in the given field.</msg>
<arg>input[name="username"]</arg>
<arg>${USUARIO}</arg>
<tag>PageContent</tag>
<tag>Setter</tag>
<doc>Clears and fills the given ``txt`` into the text field found by ``selector``.</doc>
<status status="PASS" start="2025-06-17T10:55:59.971901" elapsed="0.423273"/>
</kw>
<kw name="Fill Text" owner="Browser">
<msg time="2025-06-17T10:56:00.396135" level="INFO">Fills the text 'errado' in the given field.</msg>
<arg>input[id="password"]</arg>
<arg>${SENHA}</arg>
<tag>PageContent</tag>
<tag>Setter</tag>
<doc>Clears and fills the given ``txt`` into the text field found by ``selector``.</doc>
<status status="PASS" start="2025-06-17T10:56:00.395404" elapsed="0.018847"/>
</kw>
<arg>${USUARIO_INVALIDO}</arg>
<arg>${SENHA_INVALIDA}</arg>
<status status="PASS" start="2025-06-17T10:55:59.970844" elapsed="0.443571"/>
</kw>
<kw name="Clicar Em Login" owner="keywords_a">
<kw name="Click" owner="Browser">
<msg time="2025-06-17T10:56:00.417388" level="INFO">Clicks the element 'input[name="login"]'.</msg>
<arg>input[name="login"]</arg>
<tag>PageContent</tag>
<tag>Setter</tag>
<doc>Simulates mouse click on the element found by ``selector``.</doc>
<status status="PASS" start="2025-06-17T10:56:00.416791" elapsed="0.573275"/>
</kw>
<status status="PASS" start="2025-06-17T10:56:00.416270" elapsed="0.573947"/>
</kw>
<kw name="Validar Que O Login Não Foi Bem Sucedido" owner="keywords_a">
<kw name="Wait For Elements State" owner="Browser">
<msg time="2025-06-17T10:56:01.082385" level="INFO">Waited for Element with selector text=Error: at state visible</msg>
<arg>text=${MENSAGEM_INVALIDA}</arg>
<arg>visible</arg>
<tag>PageContent</tag>
<tag>Wait</tag>
<doc>Waits for the element found by ``selector`` to satisfy state option.</doc>
<status status="PASS" start="2025-06-17T10:56:00.991184" elapsed="0.091528"/>
</kw>
<kw name="Get Text" owner="Browser">
<msg time="2025-06-17T10:56:01.111226" level="INFO">Text: 'Error:'</msg>
<msg time="2025-06-17T10:56:01.111408" level="INFO">${texto} = Error:</msg>
<var>${texto}</var>
<arg>text=${MENSAGEM_INVALIDA}</arg>
<tag>Assertion</tag>
<tag>Getter</tag>
<tag>PageContent</tag>
<doc>Returns text attribute of the element found by ``selector``.</doc>
<status status="PASS" start="2025-06-17T10:56:01.082948" elapsed="0.028502"/>
</kw>
<kw name="Should Be Equal" owner="BuiltIn">
<arg>${texto}</arg>
<arg>${MENSAGEM_INVALIDA}</arg>
<doc>Fails if the given objects are unequal.</doc>
<status status="PASS" start="2025-06-17T10:56:01.111655" elapsed="0.000462"/>
</kw>
<kw name="Take Screenshot" owner="Browser">
<msg time="2025-06-17T10:56:01.461857" level="INFO" html="true">&lt;/td&gt;&lt;/tr&gt;&lt;tr&gt;&lt;td colspan="3"&gt;&lt;a href="browser/screenshot/robotframework-browser-screenshot-1.png" target="_blank"&gt;&lt;img src="browser/screenshot/robotframework-browser-screenshot-1.png" width="800px"/&gt;&lt;/a&gt;</msg>
<tag>PageContent</tag>
<doc>Takes a screenshot of the current window or element and saves it to disk.</doc>
<status status="PASS" start="2025-06-17T10:56:01.112294" elapsed="0.349994"/>
</kw>
<status status="PASS" start="2025-06-17T10:56:00.990596" elapsed="0.471868"/>
</kw>
<msg time="2025-06-17T10:56:01.505728" level="INFO">Switching context to context=8d1df042-12cc-4ec5-9131-81e9061b5b75 in CURRENT</msg>
<msg time="2025-06-17T10:56:01.522058" level="INFO">Successfully changed active context: context=8d1df042-12cc-4ec5-9131-81e9061b5b75</msg>
<msg time="2025-06-17T10:56:01.566159" level="INFO">Successfully closed Context</msg>
<tag>login</tag>
<tag>negativo</tag>
<tag>regressivo</tag>
<status status="PASS" start="2025-06-17T10:55:50.016615" elapsed="11.450645"/>
</test>
<status status="PASS" start="2025-06-17T10:55:49.830908" elapsed="11.740861"/>
</suite>
<status status="PASS" start="2025-06-17T10:55:49.800279" elapsed="11.777136"/>
</suite>
<statistics>
<total>
<stat pass="1" fail="0" skip="0">All Tests</stat>
</total>
<tag>
<stat pass="1" fail="0" skip="0">login</stat>
<stat pass="1" fail="0" skip="0">negativo</stat>
<stat pass="1" fail="0" skip="0">regressivo</stat>
</tag>
<suite>
<stat name="Tests" id="s1" pass="1" fail="0" skip="0">Tests</stat>
<stat name="Login Test" id="s1-s1" pass="1" fail="0" skip="0">Tests.Login Test</stat>
</suite>
</statistics>
<errors>
</errors>
</robot>
