<?xml version="1.0" encoding="UTF-8"?>
<robot generator="Robot 7.2.2 (Python 3.13.3 on win32)" generated="2025-06-17T17:56:48.710577" rpa="false" schemaversion="5">
<suite id="s1" name="Tests" source="C:\Users\Akaue\Documents\Testing_Robot\tests">
<suite id="s1-s1" name="Shop Test" source="C:\Users\Akaue\Documents\Testing_Robot\tests\shop_test.robot">
<test id="s1-s1-t1" name="Realizar compra de 5 livros" line="10">
<kw name="Login Com Sucesso" owner="keywords_a">
<kw name="New Browser" owner="Browser">
<msg time="2025-06-17T17:56:48.956565" level="INFO">{"browser": "chromium", "headless": false, "chromiumSandbox": false, "devtools": false, "handleSIGHUP": true, "handleSIGINT": true, "handleSIGTERM": true, "slowMo": 0.0, "timeout": 30000.0, "tracesDir": "C:\\Users\\Akaue\\Documents\\Testing_Robot\\browser\\traces\\temp\\3e37dcd4-df2c-4bbe-aa9a-b06056af6285"}</msg>
<msg time="2025-06-17T17:56:48.979110" level="INFO">Starting Browser process C:\Users\Akaue\AppData\Roaming\Python\Python313\site-packages\Browser\wrapper\index.js using at 127.0.0.1:50532</msg>
<msg time="2025-06-17T17:56:51.245336" level="INFO">Successfully created browser with options: {"browser":"chromium","headless":false,"chromiumSandbox":false,"devtools":false,"handleSIGHUP":true,"handleSIGINT":true,"handleSIGTERM":true,"slowMo":0,"timeout":30000,"tracesDir":"C:\\Users\\Akaue\\Documents\\Testing_Robot\\browser\\traces\\temp\\3e37dcd4-df2c-4bbe-aa9a-b06056af6285"}</msg>
<arg>headless=False</arg>
<tag>BrowserControl</tag>
<tag>Setter</tag>
<doc>Create a new playwright Browser with specified options.</doc>
<status status="PASS" start="2025-06-17T17:56:48.955716" elapsed="2.289828"/>
</kw>
<kw name="New Context" owner="Browser">
<msg time="2025-06-17T17:56:51.247596" level="INFO">{
  "acceptDownloads": true,
  "bypassCSP": false,
  "forcedColors": "none",
  "ignoreHTTPSErrors": false,
  "javaScriptEnabled": true,
  "offline": false,
  "reducedMotion": "no-preference",
  "serviceWorkers": "allow",
  "viewport": {
    "width": 1280,
    "height": 720
  }
}</msg>
<msg time="2025-06-17T17:56:51.293265" level="INFO">Successfully created context. </msg>
<msg time="2025-06-17T17:56:51.293358" level="INFO">{'acceptDownloads': True, 'bypassCSP': False, 'forcedColors': 'none', 'ignoreHTTPSErrors': False, 'javaScriptEnabled': True, 'offline': False, 'reducedMotion': 'no-preference', 'serviceWorkers': 'allow', 'viewport': {'width': 1280, 'height': 720}}</msg>
<tag>BrowserControl</tag>
<tag>Setter</tag>
<doc>Create a new BrowserContext with specified options.</doc>
<status status="PASS" start="2025-06-17T17:56:51.245813" elapsed="0.047646"/>
</kw>
<kw name="New Page" owner="Browser">
<msg time="2025-06-17T17:56:59.030267" level="INFO">Successfully initialized new page object and opened url: https://practice.automationtesting.in/</msg>
<arg>${URL}</arg>
<tag>BrowserControl</tag>
<tag>Setter</tag>
<doc>Open a new Page.</doc>
<status status="PASS" start="2025-06-17T17:56:51.293689" elapsed="7.737133"/>
</kw>
<kw name="Click" owner="Browser">
<msg time="2025-06-17T17:56:59.032778" level="INFO">Clicks the element 'id=menu-item-50'.</msg>
<arg>id=menu-item-50</arg>
<tag>PageContent</tag>
<tag>Setter</tag>
<doc>Simulates mouse click on the element found by ``selector``.</doc>
<status status="PASS" start="2025-06-17T17:56:59.031322" elapsed="0.663221"/>
</kw>
<kw name="Fill Text" owner="Browser">
<msg time="2025-06-17T17:56:59.695999" level="INFO">Fills the text 'teste77ak@teste.com' in the given field.</msg>
<arg>input[name="username"]</arg>
<arg>${USUARIO1}</arg>
<tag>PageContent</tag>
<tag>Setter</tag>
<doc>Clears and fills the given ``txt`` into the text field found by ``selector``.</doc>
<status status="PASS" start="2025-06-17T17:56:59.694837" elapsed="0.458033"/>
</kw>
<kw name="Fill Text" owner="Browser">
<msg time="2025-06-17T17:57:00.153762" level="INFO">Fills the text 'Testando!23' in the given field.</msg>
<arg>input[id="password"]</arg>
<arg>${SENHA2}</arg>
<tag>PageContent</tag>
<tag>Setter</tag>
<doc>Clears and fills the given ``txt`` into the text field found by ``selector``.</doc>
<status status="PASS" start="2025-06-17T17:57:00.153083" elapsed="0.014686"/>
</kw>
<kw name="Click" owner="Browser">
<msg time="2025-06-17T17:57:00.168547" level="INFO">Clicks the element 'input[name="login"]'.</msg>
<arg>input[name="login"]</arg>
<tag>PageContent</tag>
<tag>Setter</tag>
<doc>Simulates mouse click on the element found by ``selector``.</doc>
<status status="PASS" start="2025-06-17T17:57:00.167983" elapsed="1.077721"/>
</kw>
<kw name="Wait For Elements State" owner="Browser">
<msg time="2025-06-17T17:57:01.398797" level="INFO">Waited for Element with selector text=Hello teste77ak (not teste77ak? Sign out) at state visible</msg>
<arg>text=${MENSAGEM_VALIDA}</arg>
<arg>visible</arg>
<tag>PageContent</tag>
<tag>Wait</tag>
<doc>Waits for the element found by ``selector`` to satisfy state option.</doc>
<status status="PASS" start="2025-06-17T17:57:01.245939" elapsed="0.153034"/>
</kw>
<kw name="Get Text" owner="Browser">
<msg time="2025-06-17T17:57:01.426053" level="INFO">Text: 'Hello teste77ak (not teste77ak? Sign out)'</msg>
<msg time="2025-06-17T17:57:01.426239" level="INFO">${texto} = Hello teste77ak (not teste77ak? Sign out)</msg>
<var>${texto}</var>
<arg>text=${MENSAGEM_VALIDA}</arg>
<tag>Assertion</tag>
<tag>Getter</tag>
<tag>PageContent</tag>
<doc>Returns text attribute of the element found by ``selector``.</doc>
<status status="PASS" start="2025-06-17T17:57:01.399194" elapsed="0.027093"/>
</kw>
<kw name="Should Be Equal" owner="BuiltIn">
<arg>${texto}</arg>
<arg>${MENSAGEM_VALIDA}</arg>
<doc>Fails if the given objects are unequal.</doc>
<status status="PASS" start="2025-06-17T17:57:01.426492" elapsed="0.000438"/>
</kw>
<kw name="Take Screenshot" owner="Browser">
<msg time="2025-06-17T17:57:01.561615" level="INFO" html="true">&lt;/td&gt;&lt;/tr&gt;&lt;tr&gt;&lt;td colspan="3"&gt;&lt;a href="browser/screenshot/robotframework-browser-screenshot-1.png" target="_blank"&gt;&lt;img src="browser/screenshot/robotframework-browser-screenshot-1.png" width="800px"/&gt;&lt;/a&gt;</msg>
<tag>PageContent</tag>
<doc>Takes a screenshot of the current window or element and saves it to disk.</doc>
<status status="PASS" start="2025-06-17T17:57:01.427103" elapsed="0.134724"/>
</kw>
<status status="PASS" start="2025-06-17T17:56:48.954868" elapsed="12.607116"/>
</kw>
<msg time="2025-06-17T17:57:01.579441" level="INFO">Switching context to context=0ca70dba-3caf-4076-a9bc-122bea3f5cca in CURRENT</msg>
<msg time="2025-06-17T17:57:01.586652" level="INFO">Successfully changed active context: context=0ca70dba-3caf-4076-a9bc-122bea3f5cca</msg>
<msg time="2025-06-17T17:57:01.650201" level="INFO">Successfully closed Context</msg>
<tag>login</tag>
<tag>regressivo</tag>
<tag>teste</tag>
<status status="PASS" start="2025-06-17T17:56:48.954017" elapsed="12.608341"/>
</test>
<status status="PASS" start="2025-06-17T17:56:48.744617" elapsed="12.919484"/>
</suite>
<status status="PASS" start="2025-06-17T17:56:48.712061" elapsed="12.957424"/>
</suite>
<statistics>
<total>
<stat pass="1" fail="0" skip="0">All Tests</stat>
</total>
<tag>
<stat pass="1" fail="0" skip="0">login</stat>
<stat pass="1" fail="0" skip="0">regressivo</stat>
<stat pass="1" fail="0" skip="0">teste</stat>
</tag>
<suite>
<stat name="Tests" id="s1" pass="1" fail="0" skip="0">Tests</stat>
<stat name="Shop Test" id="s1-s1" pass="1" fail="0" skip="0">Tests.Shop Test</stat>
</suite>
</statistics>
<errors>
<msg time="2025-06-17T17:56:48.951603" level="ERROR">Error in file 'C:\Users\Akaue\Documents\Testing_Robot\tests\shop_test.robot' on line 5: Error in file 'C:\Users\Akaue\Documents\Testing_Robot\tests\login_test.robot' on line 8: Resource file with 'Test Cases' section is invalid.</msg>
</errors>
</robot>
